[debug] [2022-09-22T17:25:43.215Z] ----------------------------------------------------------------------
[debug] [2022-09-22T17:25:43.217Z] Command:       C:\Program Files\nodejs\node.exe C:\Users\JoshuaBurt\AppData\Roaming\npm\node_modules\firebase-tools\lib\bin\firebase.js deploy
[debug] [2022-09-22T17:25:43.217Z] CLI Version:   9.8.0
[debug] [2022-09-22T17:25:43.217Z] Platform:      win32
[debug] [2022-09-22T17:25:43.217Z] Node Version:  v14.15.3
[debug] [2022-09-22T17:25:43.218Z] Time:          Thu Sep 22 2022 14:25:43 GMT-0300 (Atlantic Daylight Time)
[debug] [2022-09-22T17:25:43.218Z] ----------------------------------------------------------------------
[debug] 
[debug] [2022-09-22T17:25:43.226Z] > command requires scopes: ["email","openid","https://www.googleapis.com/auth/cloudplatformprojects.readonly","https://www.googleapis.com/auth/firebase","https://www.googleapis.com/auth/cloud-platform"]
[debug] [2022-09-22T17:25:43.226Z] > authorizing via signed-in user
[debug] [2022-09-22T17:25:43.226Z] [iam] checking project joshuaburt-dev for permissions ["firebase.projects.get","firebasedatabase.instances.update","firebasehosting.sites.update"]
[debug] [2022-09-22T17:25:43.228Z] >>> HTTP REQUEST POST https://cloudresourcemanager.googleapis.com/v1/projects/joshuaburt-dev:testIamPermissions  
 {"permissions":["firebase.projects.get","firebasedatabase.instances.update","firebasehosting.sites.update"]}
[debug] [2022-09-22T17:25:43.403Z] <<< HTTP RESPONSE 200 {"content-type":"application/json; charset=UTF-8","vary":"X-Origin, Referer, Origin,Accept-Encoding","date":"Thu, 22 Sep 2022 17:25:43 GMT","server":"ESF","cache-control":"private","x-xss-protection":"0","x-frame-options":"SAMEORIGIN","x-content-type-options":"nosniff","server-timing":"gfet4t7; dur=56","alt-svc":"h3=\":443\"; ma=2592000,h3-29=\":443\"; ma=2592000,h3-Q050=\":443\"; ma=2592000,h3-Q046=\":443\"; ma=2592000,h3-Q043=\":443\"; ma=2592000,quic=\":443\"; ma=2592000; v=\"46,43\"","accept-ranges":"none","transfer-encoding":"chunked"}
[debug] [2022-09-22T17:25:43.405Z] > refreshing access token with scopes: []
[debug] [2022-09-22T17:25:43.406Z] >>> HTTP REQUEST POST https://www.googleapis.com/oauth2/v3/token  
 <request body omitted>
[debug] [2022-09-22T17:25:43.550Z] <<< HTTP RESPONSE 200 {"cache-control":"no-cache, no-store, max-age=0, must-revalidate","pragma":"no-cache","date":"Thu, 22 Sep 2022 17:25:43 GMT","expires":"Mon, 01 Jan 1990 00:00:00 GMT","content-type":"application/json; charset=utf-8","vary":"X-Origin, Referer, Origin,Accept-Encoding","server":"scaffolding on HTTPServer2","x-xss-protection":"0","x-frame-options":"SAMEORIGIN","x-content-type-options":"nosniff","alt-svc":"h3=\":443\"; ma=2592000,h3-29=\":443\"; ma=2592000,h3-Q050=\":443\"; ma=2592000,h3-Q046=\":443\"; ma=2592000,h3-Q043=\":443\"; ma=2592000,quic=\":443\"; ma=2592000; v=\"46,43\"","accept-ranges":"none","transfer-encoding":"chunked"}
[debug] [2022-09-22T17:25:43.556Z] >>> [apiv2][query] GET https://firebase.googleapis.com/v1beta1/projects/joshuaburt-dev [none]
[debug] [2022-09-22T17:25:44.035Z] <<< [apiv2][status] GET https://firebase.googleapis.com/v1beta1/projects/joshuaburt-dev 200
[debug] [2022-09-22T17:25:44.035Z] <<< [apiv2][body] GET https://firebase.googleapis.com/v1beta1/projects/joshuaburt-dev {"projectId":"joshuaburt-dev","projectNumber":"802039798789","displayName":"joshuaburt-dev","name":"projects/joshuaburt-dev","resources":{"hostingSite":"joshuaburt-dev","realtimeDatabaseInstance":"joshuaburt-dev-default-rtdb","storageBucket":"joshuaburt-dev.appspot.com","locationId":"us-central"},"state":"ACTIVE","etag":"1_801ae442-40c7-4e9c-bfec-1551f6e30873"}
[debug] [2022-09-22T17:25:44.036Z] >>> [apiv2][query] GET https://firebase.googleapis.com/v1beta1/projects/joshuaburt-dev [none]
[debug] [2022-09-22T17:25:44.350Z] <<< [apiv2][status] GET https://firebase.googleapis.com/v1beta1/projects/joshuaburt-dev 200
